Arguments: 
  C:\Program Files\nodejs\node.exe C:\Users\devmm\AppData\Roaming\npm\node_modules\yarn\bin\yarn.js add nulshock

PATH: 
  C:\WINDOWS\system32;C:\WINDOWS;C:\WINDOWS\System32\Wbem;C:\WINDOWS\System32\WindowsPowerShell\v1.0\;C:\WINDOWS\System32\OpenSSH\;C:\Program Files\Microsoft VS Code\bin;C:\Program Files\Git\cmd;C:\Program Files\nodejs\;C:\Users\devmm\.console-ninja\.bin;C:\Users\devmm\AppData\Local\Microsoft\WindowsApps;D:\MingW\mingw32\bin;C:\Users\devmm\AppData\Local\GitHubDesktop\bin;C:\Users\devmm\AppData\Roaming\npm

Yarn version: 
  1.22.19

Node version: 
  18.16.0

Platform: 
  win32 x64

Trace: 
  Error: https://registry.yarnpkg.com/nulshock: Not found
      at params.callback [as _callback] (C:\Users\devmm\AppData\Roaming\npm\node_modules\yarn\lib\cli.js:66145:18)
      at self.callback (C:\Users\devmm\AppData\Roaming\npm\node_modules\yarn\lib\cli.js:140890:22)
      at Request.emit (node:events:513:28)
      at Request.<anonymous> (C:\Users\devmm\AppData\Roaming\npm\node_modules\yarn\lib\cli.js:141862:10)
      at Request.emit (node:events:513:28)
      at IncomingMessage.<anonymous> (C:\Users\devmm\AppData\Roaming\npm\node_modules\yarn\lib\cli.js:141784:12)
      at Object.onceWrapper (node:events:627:28)
      at IncomingMessage.emit (node:events:525:35)
      at endReadableNT (node:internal/streams/readable:1359:12)
      at process.processTicksAndRejections (node:internal/process/task_queues:82:21)

npm manifest: 
  {
    "name": "ca-1",
    "version": "0.1.0",
    "private": true,
    "dependencies": {
      "@testing-library/jest-dom": "^5.17.0",
      "@testing-library/react": "^13.4.0",
      "@testing-library/user-event": "^13.5.0",
      "aos": "^2.3.4",
      "autoprefixer": "^10.4.16",
      "axios": "^1.6.0",
      "postcss": "^8.4.31",
      "react": "^18.2.0",
      "react-dom": "^18.2.0",
      "react-load-script": "^0.0.6",
      "react-loader-spinner": "^5.4.5",
      "react-responsive-carousel": "^3.2.23",
      "react-router-dom": "^6.20.1",
      "react-router-hash-link": "^2.4.3",
      "react-scripts": "5.0.1",
      "react-sidebar": "^3.0.2",
      "react-svg": "^16.1.29",
      "tailwindcss": "^3.3.5",
      "three": "^0.158.0",
      "web-vitals": "^2.1.4"
    },
    "scripts": {
      "start": "react-scripts start",
      "build": "react-scripts build",
      "test": "react-scripts test",
      "eject": "react-scripts eject"
    },
    "eslintConfig": {
      "extends": [
        "react-app",
        "react-app/jest"
      ]
    },
    "browserslist": {
      "production": [
        ">0.2%",
        "not dead",
        "not op_mini all"
      ],
      "development": [
        "last 1 chrome version",
        "last 1 firefox version",
        "last 1 safari version"
      ]
    },
    "devDependencies": {
      "daisyui": "^3.9.3",
      "gh-pages": "^6.0.0"
    }
  }

yarn manifest: 
  No manifest

Lockfile: 
  No lockfile
